[INFO_|09/19 22:46:45|OSTools.printMemoryUsage:230] Memory-K: max=253440, total=15936, free=11229, used=4707
[INFO_|09/19 22:46:46|BasicPrivateLabelLoader.printInfo:359] Not a 'Track/Service' servlet
[INFO_|09/19 22:46:46|DCServerFactory._loadDCServerXML:590] DCServerConfig XML file not loaded: C:\Users\Bayo\Documents\apache-tomcat-7.0.19-windows-x86\apache-tomcat-7.0.19\webapps\events\WEB-INF\dcservers.xml
[INFO_|09/19 22:46:46|RTConfigContextListener.contextInitialized:187] java.awt.headless=false
[ERROR|09/19 23:37:20|Events._doWork:351] Account password was invalid: bayo
[INFO_|10/09 20:19:44|OSTools.printMemoryUsage:230] Memory-K: max=253440, total=15936, free=11222, used=4714
[INFO_|10/09 20:19:45|BasicPrivateLabelLoader.printInfo:359] Not a 'Track/Service' servlet
[INFO_|10/09 20:19:45|DCServerFactory._loadDCServerXML:590] DCServerConfig XML file not loaded: C:\Users\Bayo\Documents\apache-tomcat-7.0.19-windows-x86\apache-tomcat-7.0.19\webapps\events\WEB-INF\dcservers.xml
[INFO_|10/09 20:19:45|RTConfigContextListener.contextInitialized:187] java.awt.headless=false
[INFO_|10/09 21:47:21|OSTools.printMemoryUsage:230] Memory-K: max=253440, total=15936, free=11222, used=4714
[INFO_|10/09 21:47:22|BasicPrivateLabelLoader.printInfo:359] Not a 'Track/Service' servlet
[INFO_|10/09 21:47:22|DCServerFactory._loadDCServerXML:590] DCServerConfig XML file not loaded: C:\Users\Bayo\Documents\apache-tomcat-7.0.19-windows-x86\apache-tomcat-7.0.19\webapps\events\WEB-INF\dcservers.xml
[INFO_|10/09 21:47:22|RTConfigContextListener.contextInitialized:187] java.awt.headless=false
[INFO_|10/17 18:48:37|OSTools.printMemoryUsage:230] Memory-K: max=253440, total=15936, free=11237, used=4699
[INFO_|10/17 18:48:38|BasicPrivateLabelLoader.printInfo:359] Not a 'Track/Service' servlet
[INFO_|10/17 18:48:38|DCServerFactory._loadDCServerXML:590] DCServerConfig XML file not loaded: C:\Users\Bayo\Documents\apache-tomcat-7.0.19-windows-x86\apache-tomcat-7.0.19\webapps\events\WEB-INF\dcservers.xml
[INFO_|10/17 18:48:38|RTConfigContextListener.contextInitialized:187] java.awt.headless=false
[INFO_|01/30 08:31:04|OSTools.printMemoryUsage:230] Memory-K: max=253440, total=15936, free=11218, used=4718
[INFO_|01/30 08:31:05|BasicPrivateLabelLoader.printInfo:359] Not a 'Track/Service' servlet
[INFO_|01/30 08:31:05|DCServerFactory._loadDCServerXML:590] DCServerConfig XML file not loaded: C:\Users\Bayo\Documents\apache-tomcat-7.0.19-windows-x86\apache-tomcat-7.0.19\webapps\events\WEB-INF\dcservers.xml
[INFO_|01/30 08:31:05|RTConfigContextListener.contextInitialized:187] java.awt.headless=false
[INFO_|02/01 00:16:49|OSTools.printMemoryUsage:230] Memory-K: max=253440, total=15936, free=11251, used=4685
[INFO_|02/01 00:16:49|BasicPrivateLabelLoader.printInfo:359] Not a 'Track/Service' servlet
[INFO_|02/01 00:16:50|DCServerFactory._loadDCServerXML:590] DCServerConfig XML file not loaded: C:\Users\Bayo\Documents\apache-tomcat-7.0.19-windows-x86\apache-tomcat-7.0.19\webapps\events\WEB-INF\dcservers.xml
[INFO_|02/01 00:16:50|RTConfigContextListener.contextInitialized:187] java.awt.headless=false
[INFO_|02/08 23:34:05|OSTools.printMemoryUsage:230] Memory-K: max=253440, total=15936, free=11227, used=4709
[INFO_|02/08 23:34:06|BasicPrivateLabelLoader.printInfo:359] Not a 'Track/Service' servlet
[INFO_|02/08 23:34:06|DCServerFactory._loadDCServerXML:590] DCServerConfig XML file not loaded: C:\Users\Bayo\Documents\apache-tomcat-7.0.19-windows-x86\apache-tomcat-7.0.19\webapps\events\WEB-INF\dcservers.xml
[INFO_|02/08 23:34:06|RTConfigContextListener.contextInitialized:187] java.awt.headless=false
[INFO_|02/09 22:02:58|OSTools.printMemoryUsage:230] Memory-K: max=253440, total=15936, free=11182, used=4754
[INFO_|02/09 22:02:59|BasicPrivateLabelLoader.printInfo:359] Not a 'Track/Service' servlet
[INFO_|02/09 22:02:59|DCServerFactory._loadDCServerXML:590] DCServerConfig XML file not loaded: C:\Users\Bayo\Documents\apache-tomcat-7.0.19-windows-x86\apache-tomcat-7.0.19\webapps\events\WEB-INF\dcservers.xml
[INFO_|02/09 22:02:59|RTConfigContextListener.contextInitialized:187] java.awt.headless=false
[INFO_|02/16 09:16:44|OSTools.printMemoryUsage:230] Memory-K: max=253440, total=15936, free=11218, used=4718
[INFO_|02/16 09:16:45|BasicPrivateLabelLoader.printInfo:359] Not a 'Track/Service' servlet
[INFO_|02/16 09:16:45|DCServerFactory._loadDCServerXML:590] DCServerConfig XML file not loaded: C:\Users\Bayo\Documents\apache-tomcat-7.0.19-windows-x86\apache-tomcat-7.0.19\webapps\events\WEB-INF\dcservers.xml
[INFO_|02/16 09:16:45|RTConfigContextListener.contextInitialized:187] java.awt.headless=false
[INFO_|02/21 00:19:41|OSTools.printMemoryUsage:230] Memory-K: max=253440, total=15936, free=11219, used=4717
[INFO_|02/21 00:19:43|BasicPrivateLabelLoader.printInfo:359] Not a 'Track/Service' servlet
[INFO_|02/21 00:19:44|DCServerFactory._loadDCServerXML:590] DCServerConfig XML file not loaded: C:\Users\Bayo\Documents\apache-tomcat-7.0.19-windows-x86\apache-tomcat-7.0.19\webapps\events\WEB-INF\dcservers.xml
[INFO_|02/21 00:19:44|RTConfigContextListener.contextInitialized:187] java.awt.headless=false
[INFO_|02/22 13:59:21|OSTools.printMemoryUsage:230] Memory-K: max=253440, total=15936, free=11224, used=4712
[INFO_|02/22 13:59:21|BasicPrivateLabelLoader.printInfo:359] Not a 'Track/Service' servlet
[INFO_|02/22 13:59:22|DCServerFactory._loadDCServerXML:590] DCServerConfig XML file not loaded: C:\Users\Bayo\Documents\apache-tomcat-7.0.19-windows-x86\apache-tomcat-7.0.19\webapps\events\WEB-INF\dcservers.xml
[INFO_|02/22 13:59:22|RTConfigContextListener.contextInitialized:187] java.awt.headless=false
[INFO_|02/23 09:25:54|OSTools.printMemoryUsage:230] Memory-K: max=253440, total=15936, free=11216, used=4720
[INFO_|02/23 09:25:56|BasicPrivateLabelLoader.printInfo:359] Not a 'Track/Service' servlet
[INFO_|02/23 09:25:56|DCServerFactory._loadDCServerXML:590] DCServerConfig XML file not loaded: C:\Users\Bayo\Documents\apache-tomcat-7.0.19-windows-x86\apache-tomcat-7.0.19\webapps\events\WEB-INF\dcservers.xml
[INFO_|02/23 09:25:56|RTConfigContextListener.contextInitialized:187] java.awt.headless=false
